<?xml version="1.0" encoding="UTF-8"?>
<!-- Generated by org.testng.reporters.JUnitReportReporter -->
<testsuite hostname="MOHIT" failures="0" tests="1" name="Authentication.getRepo" time="4.598" errors="0" timestamp="2023-06-23T13:28:14 IST" skipped="0">
  <testcase classname="Authentication.getRepo" name="test" time="4.598"/>
  <system-out/>
</testsuite> <!-- Authentication.getRepo -->
