<?xml version="1.0" encoding="UTF-8"?>
<!-- Generated by org.testng.reporters.JUnitReportReporter -->
<testsuite hostname="MOHIT" failures="0" tests="1" name="Authentication.degestAuth" time="3.665" errors="0" timestamp="2023-06-23T12:34:34 IST" skipped="0">
  <testcase classname="Authentication.degestAuth" name="test" time="3.665"/>
  <system-out/>
</testsuite> <!-- Authentication.degestAuth -->
