<?xml version="1.0" encoding="UTF-8"?>
<!-- Generated by org.testng.reporters.JUnitReportReporter -->
<testsuite hostname="MOHIT" failures="0" tests="1" name="Authentication.Oauth20" time="5.250" errors="0" timestamp="2023-06-26T11:16:40 IST" skipped="0">
  <testcase classname="Authentication.Oauth20" name="oauth2" time="5.250"/>
  <system-out/>
</testsuite> <!-- Authentication.Oauth20 -->
