<?xml version="1.0" encoding="UTF-8"?>
<!-- Generated by org.testng.reporters.JUnitReportReporter -->
<testsuite hostname="MOHIT" failures="0" tests="1" name="SerialisationAndDeserialisation.Serialisation1" time="0.451" errors="0" timestamp="2023-06-27T11:26:07 IST" skipped="0">
  <testcase classname="SerialisationAndDeserialisation.Serialisation1" name="test" time="0.451"/>
  <system-out/>
</testsuite> <!-- SerialisationAndDeserialisation.Serialisation1 -->
