<?xml version="1.0" encoding="UTF-8"?>
<!-- Generated by org.testng.reporters.JUnitReportReporter -->
<testsuite hostname="MOHIT" failures="0" tests="1" name="HeaderValidation.GetResponse" time="3.443" errors="0" timestamp="2023-06-27T15:14:13 IST" skipped="0">
  <testcase classname="HeaderValidation.GetResponse" name="test" time="3.443"/>
  <system-out/>
</testsuite> <!-- HeaderValidation.GetResponse -->
