<?xml version="1.0" encoding="UTF-8"?>
<!-- Generated by org.testng.reporters.JUnitReportReporter -->
<testsuite hostname="MOHIT" failures="0" tests="1" name="RequestChaining.reques" time="5.263" errors="0" timestamp="2023-06-23T11:29:14 IST" skipped="0">
  <testcase classname="RequestChaining.reques" name="test" time="5.263"/>
  <system-out/>
</testsuite> <!-- RequestChaining.reques -->
