<?xml version="1.0" encoding="UTF-8"?>
<!-- Generated by org.testng.reporters.JUnitReportReporter -->
<testsuite hostname="MOHIT" failures="0" tests="1" name="CrudWithBddInReques.PutUpdate" time="4.805" errors="0" timestamp="2023-06-21T17:42:58 IST" skipped="0">
  <testcase classname="CrudWithBddInReques.PutUpdate" name="create" time="4.805"/>
  <system-out/>
</testsuite> <!-- CrudWithBddInReques.PutUpdate -->
