<?xml version="1.0" encoding="UTF-8"?>
<!-- Generated by org.testng.reporters.JUnitReportReporter -->
<testsuite hostname="MOHIT" failures="0" tests="1" name="HeaderValidation.ResponseHeaderValidation" time="3.110" errors="0" timestamp="2023-06-27T15:48:59 IST" skipped="0">
  <testcase classname="HeaderValidation.ResponseHeaderValidation" name="test" time="3.110"/>
  <system-out/>
</testsuite> <!-- HeaderValidation.ResponseHeaderValidation -->
