<?xml version="1.0" encoding="UTF-8"?>
<!-- Generated by org.testng.reporters.JUnitReportReporter -->
<testsuite hostname="MOHIT" failures="0" tests="1" name="JsonSchema.JsonSchema" time="23.902" errors="0" timestamp="2023-06-26T17:52:22 IST" skipped="0">
  <testcase classname="JsonSchema.JsonSchema" name="test" time="23.902"/>
  <system-out/>
</testsuite> <!-- JsonSchema.JsonSchema -->
