<?xml version="1.0" encoding="UTF-8"?>
<!-- Generated by org.testng.reporters.JUnitReportReporter -->
<testsuite hostname="MOHIT" failures="0" tests="1" name="PArameters.PAthParameter" time="3.131" errors="0" timestamp="2023-06-22T12:45:36 IST" skipped="0">
  <testcase classname="PArameters.PAthParameter" name="testt" time="3.131"/>
  <system-out/>
</testsuite> <!-- PArameters.PAthParameter -->
