<?xml version="1.0" encoding="UTF-8"?>
<!-- Generated by org.testng.reporters.JUnitReportReporter -->
<testsuite hostname="MOHIT" failures="0" tests="1" name="RequestChaining.RequestChaining" time="4.772" errors="0" timestamp="2023-06-23T10:46:51 IST" skipped="0">
  <testcase classname="RequestChaining.RequestChaining" name="test" time="4.772"/>
  <system-out/>
</testsuite> <!-- RequestChaining.RequestChaining -->
