<?xml version="1.0" encoding="UTF-8"?>
<!-- Generated by org.testng.reporters.JUnitReportReporter -->
<testsuite hostname="MOHIT" failures="0" tests="1" name="Authentication.BasicAuth" time="4.137" errors="0" timestamp="2023-06-23T12:33:15 IST" skipped="0">
  <testcase classname="Authentication.BasicAuth" name="test" time="4.137"/>
  <system-out/>
</testsuite> <!-- Authentication.BasicAuth -->
