<?xml version="1.0" encoding="UTF-8"?>
<!-- Generated by org.testng.reporters.JUnitReportReporter -->
<testsuite hostname="MOHIT" failures="0" tests="1" name="CrudWithBddInReques.PatchUpdate" time="5.167" errors="0" timestamp="2023-06-21T17:45:46 IST" skipped="0">
  <testcase classname="CrudWithBddInReques.PatchUpdate" name="create" time="5.167"/>
  <system-out/>
</testsuite> <!-- CrudWithBddInReques.PatchUpdate -->
