<?xml version="1.0" encoding="UTF-8"?>
<!-- Generated by org.testng.reporters.JUnitReportReporter -->
<testsuite hostname="MOHIT" failures="0" tests="1" name="CrudWithBddInReques.SingleResourceNotFound" time="4.800" errors="0" timestamp="2023-06-21T17:38:45 IST" skipped="0">
  <testcase classname="CrudWithBddInReques.SingleResourceNotFound" name="userTest" time="4.800"/>
  <system-out/>
</testsuite> <!-- CrudWithBddInReques.SingleResourceNotFound -->
