<?xml version="1.0" encoding="UTF-8"?>
<!-- Generated by org.testng.reporters.JUnitReportReporter -->
<testsuite hostname="MOHIT" failures="0" tests="1" name="BDDWithPOJO.PostWithPojo" time="4.495" errors="0" timestamp="2023-06-22T11:13:03 IST" skipped="0">
  <testcase classname="BDDWithPOJO.PostWithPojo" name="postPojo" time="4.495"/>
  <system-out/>
</testsuite> <!-- BDDWithPOJO.PostWithPojo -->
