<?xml version="1.0" encoding="UTF-8"?>
<!-- Generated by org.testng.reporters.JUnitReportReporter -->
<testsuite hostname="MOHIT" failures="0" tests="1" name="Mock.requestChaining" time="0.016" errors="0" timestamp="2023-06-30T21:10:59 IST" skipped="0">
  <testcase classname="Mock.requestChaining" name="test" time="0.016"/>
  <system-out/>
</testsuite> <!-- Mock.requestChaining -->
