<?xml version="1.0" encoding="UTF-8"?>
<!-- Generated by org.testng.reporters.JUnitReportReporter -->
<testsuite hostname="MOHIT" failures="0" tests="1" name="PArameters.putPAthPArameter" time="3.727" errors="0" timestamp="2023-06-22T12:51:18 IST" skipped="0">
  <testcase classname="PArameters.putPAthPArameter" name="test" time="3.727"/>
  <system-out/>
</testsuite> <!-- PArameters.putPAthPArameter -->
