<?xml version="1.0" encoding="UTF-8"?>
<!-- Generated by org.testng.reporters.JUnitReportReporter -->
<testsuite hostname="MOHIT" failures="0" tests="1" name="CrudWithoutBdd.createProject" time="5.247" errors="0" timestamp="2023-06-22T15:29:56 IST" skipped="0">
  <testcase classname="CrudWithoutBdd.createProject" name="createProj" time="5.247"/>
  <system-out/>
</testsuite> <!-- CrudWithoutBdd.createProject -->
