<?xml version="1.0" encoding="UTF-8"?>
<!-- Generated by org.testng.reporters.JUnitReportReporter -->
<testsuite hostname="MOHIT" failures="0" tests="1" name="CrudWithoutBdd.getopration" time="3.791" errors="0" timestamp="2023-06-21T12:45:22 IST" skipped="0">
  <testcase classname="CrudWithoutBdd.getopration" name="allproj" time="3.791"/>
  <system-out/>
</testsuite> <!-- CrudWithoutBdd.getopration -->
