<?xml version="1.0" encoding="UTF-8"?>
<!-- Generated by org.testng.reporters.JUnitReportReporter -->
<testsuite hostname="MOHIT" failures="0" tests="1" name="SerialisationAndDeserialisation.ComplexDeserialisation" time="0.555" errors="0" timestamp="2023-06-27T12:49:05 IST" skipped="0">
  <testcase classname="SerialisationAndDeserialisation.ComplexDeserialisation" name="test" time="0.555"/>
  <system-out/>
</testsuite> <!-- SerialisationAndDeserialisation.ComplexDeserialisation -->
