<?xml version="1.0" encoding="UTF-8"?>
<!-- Generated by org.testng.reporters.JUnitReportReporter -->
<testsuite hostname="MOHIT" failures="0" tests="1" name="reqSpecBuilderReqSpecResponse.reqSpecBuilderReqSpecResponse" time="3.662" errors="0" timestamp="2023-06-26T15:17:32 IST" skipped="0">
  <testcase classname="reqSpecBuilderReqSpecResponse.reqSpecBuilderReqSpecResponse" name="test" time="3.662"/>
  <system-out/>
</testsuite> <!-- reqSpecBuilderReqSpecResponse.reqSpecBuilderReqSpecResponse -->
