<?xml version="1.0" encoding="UTF-8"?>
<!-- Generated by org.testng.reporters.JUnitReportReporter -->
<testsuite hostname="MOHIT" failures="0" tests="1" name="CrudWithBddInReques.ListOfSingleUser" time="4.152" errors="0" timestamp="2023-06-21T17:35:31 IST" skipped="0">
  <testcase classname="CrudWithBddInReques.ListOfSingleUser" name="userTest" time="4.152"/>
  <system-out/>
</testsuite> <!-- CrudWithBddInReques.ListOfSingleUser -->
