<?xml version="1.0" encoding="UTF-8"?>
<!-- Generated by org.testng.reporters.JUnitReportReporter -->
<testsuite hostname="MOHIT" failures="0" tests="1" name="CrudWithoutBdd.deleteProject" time="3.136" errors="0" timestamp="2023-06-21T13:04:44 IST" skipped="0">
  <testcase classname="CrudWithoutBdd.deleteProject" name="allproj" time="3.136"/>
  <system-out/>
</testsuite> <!-- CrudWithoutBdd.deleteProject -->
