<?xml version="1.0" encoding="UTF-8"?>
<!-- Generated by org.testng.reporters.JUnitReportReporter -->
<testsuite hostname="MOHIT" failures="0" tests="1" name="Authentication.bearerToken" time="5.492" errors="0" timestamp="2023-06-23T13:27:47 IST" skipped="0">
  <testcase classname="Authentication.bearerToken" name="test" time="5.492"/>
  <system-out/>
</testsuite> <!-- Authentication.bearerToken -->
