<?xml version="1.0" encoding="UTF-8"?>
<!-- Generated by org.testng.reporters.JUnitReportReporter -->
<testsuite hostname="MOHIT" failures="0" tests="1" name="SerialisationAndDeserialisation.Serialisation" time="0.429" errors="0" timestamp="2023-06-27T11:11:45 IST" skipped="0">
  <testcase classname="SerialisationAndDeserialisation.Serialisation" name="test" time="0.429"/>
  <system-out/>
</testsuite> <!-- SerialisationAndDeserialisation.Serialisation -->
