<?xml version="1.0" encoding="UTF-8"?>
<!-- Generated by org.testng.reporters.JUnitReportReporter -->
<testsuite hostname="MOHIT" failures="0" tests="1" name="SerialisationAndDeserialisation.DeSerialisation1" time="0.418" errors="0" timestamp="2023-06-27T12:04:19 IST" skipped="0">
  <testcase classname="SerialisationAndDeserialisation.DeSerialisation1" name="test" time="0.418"/>
  <system-out/>
</testsuite> <!-- SerialisationAndDeserialisation.DeSerialisation1 -->
