<?xml version="1.0" encoding="UTF-8"?>
<!-- Generated by org.testng.reporters.JUnitReportReporter -->
<testsuite hostname="MOHIT" failures="0" tests="1" name="HeaderValidation.RequestSend" time="5.273" errors="0" timestamp="2023-06-27T15:10:33 IST" skipped="0">
  <testcase classname="HeaderValidation.RequestSend" name="test" time="5.273"/>
  <system-out/>
</testsuite> <!-- HeaderValidation.RequestSend -->
