<?xml version="1.0" encoding="UTF-8"?>
<!-- Generated by org.testng.reporters.JUnitReportReporter -->
<testsuite hostname="MOHIT" failures="0" tests="1" name="SerialisationAndDeserialisation.DeSeriallisation" time="0.419" errors="0" timestamp="2023-06-27T11:00:07 IST" skipped="0">
  <testcase classname="SerialisationAndDeserialisation.DeSeriallisation" name="test" time="0.419"/>
  <system-out/>
</testsuite> <!-- SerialisationAndDeserialisation.DeSeriallisation -->
