<?xml version="1.0" encoding="UTF-8"?>
<!-- Generated by org.testng.reporters.JUnitReportReporter -->
<testsuite hostname="MOHIT" failures="0" tests="1" name="CrudWithoutBdd.putProject" time="4.194" errors="0" timestamp="2023-06-21T13:01:37 IST" skipped="0">
  <testcase classname="CrudWithoutBdd.putProject" name="allproj" time="4.194"/>
  <system-out/>
</testsuite> <!-- CrudWithoutBdd.putProject -->
