<?xml version="1.0" encoding="UTF-8"?>
<!-- Generated by org.testng.reporters.JUnitReportReporter -->
<testsuite hostname="MOHIT" failures="0" tests="1" name="Authentication.preemitiveAuth" time="4.074" errors="0" timestamp="2023-06-23T12:36:26 IST" skipped="0">
  <testcase classname="Authentication.preemitiveAuth" name="test" time="4.074"/>
  <system-out/>
</testsuite> <!-- Authentication.preemitiveAuth -->
