<?xml version="1.0" encoding="UTF-8"?>
<!-- Generated by org.testng.reporters.JUnitReportReporter -->
<testsuite hostname="MOHIT" failures="0" tests="1" name="CrudWithBddInReques.getUsers" time="4.000" errors="0" timestamp="2023-06-21T16:29:39 IST" skipped="0">
  <testcase classname="CrudWithBddInReques.getUsers" name="userTest" time="4.000"/>
  <system-out/>
</testsuite> <!-- CrudWithBddInReques.getUsers -->
