<?xml version="1.0" encoding="UTF-8"?>
<!-- Generated by org.testng.reporters.JUnitReportReporter -->
<testsuite hostname="MOHIT" failures="0" tests="3" name="DataDrivenTeting.MultipleProjectWithDifferentData" time="3.662" errors="0" timestamp="2023-06-26T12:30:12 IST" skipped="0">
  <testcase classname="DataDrivenTeting.MultipleProjectWithDifferentData" name="test" time="3.437"/>
  <system-out/>
  <testcase classname="DataDrivenTeting.MultipleProjectWithDifferentData" name="test" time="0.134"/>
  <system-out/>
  <testcase classname="DataDrivenTeting.MultipleProjectWithDifferentData" name="test" time="0.091"/>
  <system-out/>
</testsuite> <!-- DataDrivenTeting.MultipleProjectWithDifferentData -->
