<?xml version="1.0" encoding="UTF-8"?>
<!-- Generated by org.testng.reporters.JUnitReportReporter -->
<testsuite hostname="MOHIT" failures="0" tests="1" name="CrudWithBddInReques.CreateCREATE" time="6.584" errors="0" timestamp="2023-06-21T17:18:30 IST" skipped="0">
  <testcase classname="CrudWithBddInReques.CreateCREATE" name="create" time="6.584"/>
  <system-out/>
</testsuite> <!-- CrudWithBddInReques.CreateCREATE -->
