<?xml version="1.0" encoding="UTF-8"?>
<!-- Generated by org.testng.reporters.JUnitReportReporter -->
<testsuite hostname="MOHIT" failures="0" tests="1" name="SerialisationAndDeserialisation.ComplexSerialisation" time="0.464" errors="0" timestamp="2023-06-27T12:36:42 IST" skipped="0">
  <testcase classname="SerialisationAndDeserialisation.ComplexSerialisation" name="test" time="0.464"/>
  <system-out/>
</testsuite> <!-- SerialisationAndDeserialisation.ComplexSerialisation -->
