<?xml version="1.0" encoding="UTF-8"?>
<!-- Generated by org.testng.reporters.JUnitReportReporter -->
<testsuite hostname="MOHIT" failures="0" tests="1" name="PArameters.PostForParameters" time="4.180" errors="0" timestamp="2023-06-22T12:44:14 IST" skipped="0">
  <testcase classname="PArameters.PostForParameters" name="test" time="4.180"/>
  <system-out/>
</testsuite> <!-- PArameters.PostForParameters -->
