<?xml version="1.0" encoding="UTF-8"?>
<!-- Generated by org.testng.reporters.JUnitReportReporter -->
<testsuite hostname="MOHIT" failures="0" tests="1" name="CrudWithBdd.getPRoject" time="3.975" errors="0" timestamp="2023-06-21T15:51:39 IST" skipped="0">
  <testcase classname="CrudWithBdd.getPRoject" name="allproj" time="3.975"/>
  <system-out/>
</testsuite> <!-- CrudWithBdd.getPRoject -->
