<?xml version="1.0" encoding="UTF-8"?>
<!-- Generated by org.testng.reporters.JUnitReportReporter -->
<testsuite hostname="MOHIT" failures="0" tests="1" name="CrudWithBddInReques.DeleteDELETE" time="4.335" errors="0" timestamp="2023-06-21T17:47:50 IST" skipped="0">
  <testcase classname="CrudWithBddInReques.DeleteDELETE" name="deleteTest" time="4.335"/>
  <system-out/>
</testsuite> <!-- CrudWithBddInReques.DeleteDELETE -->
