<?xml version="1.0" encoding="UTF-8"?>
<!-- Generated by org.testng.reporters.JUnitReportReporter -->
<testsuite hostname="MOHIT" failures="0" tests="1" name="CrudWithBddInReques.singleUserNotFound" time="4.511" errors="0" timestamp="2023-06-21T17:28:16 IST" skipped="0">
  <testcase classname="CrudWithBddInReques.singleUserNotFound" name="userTest" time="4.511"/>
  <system-out/>
</testsuite> <!-- CrudWithBddInReques.singleUserNotFound -->
