<?xml version="1.0" encoding="UTF-8"?>
<!-- Generated by org.testng.reporters.JUnitReportReporter -->
<testsuite hostname="MOHIT" failures="0" tests="1" name="CrudWithBddInReques.ListOfResources" time="3.995" errors="0" timestamp="2023-06-21T17:34:00 IST" skipped="0">
  <testcase classname="CrudWithBddInReques.ListOfResources" name="userTest" time="3.995"/>
  <system-out/>
</testsuite> <!-- CrudWithBddInReques.ListOfResources -->
