<?xml version="1.0" encoding="UTF-8"?>
<!-- Generated by org.testng.reporters.JUnitReportReporter -->
<testsuite hostname="MOHIT" failures="0" tests="1" name="BDDWithPOJO.JSonObect" time="4.577" errors="0" timestamp="2023-06-22T12:30:05 IST" skipped="0">
  <testcase classname="BDDWithPOJO.JSonObect" name="test" time="4.577"/>
  <system-out/>
</testsuite> <!-- BDDWithPOJO.JSonObect -->
