<?xml version="1.0" encoding="UTF-8"?>
<!-- Generated by org.testng.reporters.JUnitReportReporter -->
<testsuite hostname="MOHIT" failures="0" tests="1" name="ResponseValidation.staticResponse" time="5.109" errors="0" timestamp="2023-06-23T12:14:14 IST" skipped="0">
  <testcase classname="ResponseValidation.staticResponse" name="test" time="5.109"/>
  <system-out/>
</testsuite> <!-- ResponseValidation.staticResponse -->
