<?xml version="1.0" encoding="UTF-8"?>
<!-- Generated by org.testng.reporters.JUnitReportReporter -->
<testsuite hostname="MOHIT" failures="0" tests="1" name="CrudWithoutBdd.patchProject" time="4.128" errors="0" timestamp="2023-06-21T13:15:19 IST" skipped="0">
  <testcase classname="CrudWithoutBdd.patchProject" name="allproj" time="4.128"/>
  <system-out/>
</testsuite> <!-- CrudWithoutBdd.patchProject -->
