<?xml version="1.0" encoding="UTF-8"?>
<!-- Generated by org.testng.reporters.JUnitReportReporter -->
<testsuite hostname="MOHIT" failures="0" tests="1" name="PArameters.QueryForPostReques" time="6.576" errors="0" timestamp="2023-06-22T13:08:50 IST" skipped="0">
  <testcase classname="PArameters.QueryForPostReques" name="test" time="6.576"/>
  <system-out/>
</testsuite> <!-- PArameters.QueryForPostReques -->
