<?xml version="1.0" encoding="UTF-8"?>
<!-- Generated by org.testng.reporters.JUnitReportReporter -->
<testsuite hostname="MOHIT" failures="0" tests="1" name="DifferentWaysToPOST.PostForParameters" time="5.167" errors="0" timestamp="2023-06-22T12:33:24 IST" skipped="0">
  <testcase classname="DifferentWaysToPOST.PostForParameters" name="test" time="5.167"/>
  <system-out/>
</testsuite> <!-- DifferentWaysToPOST.PostForParameters -->
