<?xml version="1.0" encoding="UTF-8"?>
<!-- Generated by org.testng.reporters.JUnitReportReporter -->
<testsuite hostname="MOHIT" failures="0" tests="1" name="PArameters.getQueryParameter" time="4.465" errors="0" timestamp="2023-06-22T13:15:32 IST" skipped="0">
  <testcase classname="PArameters.getQueryParameter" name="test" time="4.465"/>
  <system-out/>
</testsuite> <!-- PArameters.getQueryParameter -->
